<?xml version="1.0" encoding="UTF-8"?>
<!-- Generated by org.testng.reporters.JUnitXMLReporter -->
<testsuite hostname="ip-172-31-76-79" ignored="0" name="Application1 Test" tests="1" failures="1" timestamp="2021-06-20T14:28:03 UTC" time="2.466" errors="0">
  <testcase name="Login" time="0.765" classname="ShoppingTest.shoppingtest">
    <failure type="java.lang.AssertionError" message="expected [false] but found [true]">
      <![CDATA[java.lang.AssertionError: expected [false] but found [true]
at ShoppingTest.shoppingtest.Login(shoppingtest.java:74)
at java.util.ArrayList.forEach(ArrayList.java:1259)
... Removed 31 stack frames]]>
    </failure>
  </testcase> <!-- Login -->
</testsuite> <!-- Application1 Test -->
