<?xml version="1.0" encoding="UTF-8"?>
<!-- Generated by org.testng.reporters.JUnitXMLReporter -->
<testsuite hostname="ip-172-31-76-79" ignored="3" tests="0" failures="0" timestamp="2021-06-19T06:02:23 UTC" time="0.012" errors="0">
  <testcase name="HomepageTest1" time="0.0" classname="Test.Testcase2">
    <ignored/>
  </testcase> <!-- HomepageTest1 -->
  <testcase name="HomepageTest2" time="0.0" classname="Test.Testcase2">
    <ignored/>
  </testcase> <!-- HomepageTest2 -->
  <testcase name="HomepageTest" time="0.0" classname="Test.Testcase2">
    <ignored/>
  </testcase> <!-- HomepageTest -->
</testsuite>
