<?xml version="1.0" encoding="UTF-8"?>
<!-- Generated by org.testng.reporters.JUnitXMLReporter -->
<testsuite hostname="ip-172-31-76-79" ignored="1" name="Application1 Test" tests="1" failures="0" timestamp="2021-06-26T06:34:23 UTC" time="2.133" errors="0">
  <testcase name="@BeforeMethod setup" time="2.08" classname="Test.Baseclass">
    <failure type="java.lang.NoClassDefFoundError" message="org/apache/xmlbeans/XmlException">
      <![CDATA[java.lang.NoClassDefFoundError: org/apache/xmlbeans/XmlException
at Test.Baseclass.setup(Baseclass.java:50)
at java.util.ArrayList.forEach(ArrayList.java:1259)
Caused by: java.lang.ClassNotFoundException: org.apache.xmlbeans.XmlException
at java.net.URLClassLoader.findClass(URLClassLoader.java:382)
at java.lang.ClassLoader.loadClass(ClassLoader.java:418)
at sun.misc.Launcher$AppClassLoader.loadClass(Launcher.java:352)
at java.lang.ClassLoader.loadClass(ClassLoader.java:351)
... 33 more
... Removed 31 stack frames]]>
    </failure>
  </testcase> <!-- @BeforeMethod setup -->
  <testcase name="@AfterMethod teardown" time="-1.624689263964E9" classname="Test.Baseclass">
    <skipped/>
  </testcase> <!-- @AfterMethod teardown -->
  <testcase name="LoginTestcase2" time="0.0" classname="Test.LoginTest">
    <skipped/>
  </testcase> <!-- LoginTestcase2 -->
  <testcase name="LoginTestcase" time="0.0" classname="Test.LoginTest">
    <ignored/>
  </testcase> <!-- LoginTestcase -->
</testsuite> <!-- Application1 Test -->
