<?xml version="1.0" encoding="UTF-8"?>
<testng-results skipped="0" failed="0" ignored="0" total="1" passed="1">
  <reporter-output>
  </reporter-output>
  <suite name="Suite" duration-ms="2932" started-at="2021-07-01T07:53:29 UTC" finished-at="2021-07-01T07:53:32 UTC">
    <groups>
    </groups>
    <test name="Test" duration-ms="2932" started-at="2021-07-01T07:53:29 UTC" finished-at="2021-07-01T07:53:32 UTC">
      <class name="test.ProductSelectionTest">
        <test-method status="PASS" signature="setup()[pri:0, instance:test.ProductSelectionTest@7d70d1b1]" name="setup" is-config="true" duration-ms="1945" started-at="2021-07-01T07:53:29 UTC" finished-at="2021-07-01T07:53:31 UTC">
          <reporter-output>
          </reporter-output>
        </test-method> <!-- setup -->
        <test-method status="PASS" signature="testcase1()[pri:0, instance:test.ProductSelectionTest@7d70d1b1]" name="testcase1" duration-ms="665" started-at="2021-07-01T07:53:31 UTC" finished-at="2021-07-01T07:53:31 UTC">
          <reporter-output>
          </reporter-output>
        </test-method> <!-- testcase1 -->
        <test-method status="PASS" signature="teardown()[pri:0, instance:test.ProductSelectionTest@7d70d1b1]" name="teardown" is-config="true" duration-ms="286" started-at="2021-07-01T07:53:31 UTC" finished-at="2021-07-01T07:53:32 UTC">
          <reporter-output>
          </reporter-output>
        </test-method> <!-- teardown -->
      </class> <!-- test.ProductSelectionTest -->
    </test> <!-- Test -->
  </suite> <!-- Suite -->
</testng-results>
