<?xml version="1.0" encoding="UTF-8"?>
<testng-results skipped="0" failed="0" ignored="1" total="2" passed="1">
  <reporter-output>
  </reporter-output>
  <suite name="Suite" duration-ms="6132" started-at="2021-07-01T07:07:28 UTC" finished-at="2021-07-01T07:07:35 UTC">
    <groups>
    </groups>
    <test name="Test" duration-ms="6132" started-at="2021-07-01T07:07:28 UTC" finished-at="2021-07-01T07:07:35 UTC">
      <class name="test.LoginTest">
        <test-method status="PASS" signature="setup()[pri:0, instance:test.LoginTest@3dfc5fb8]" name="setup" is-config="true" duration-ms="2536" started-at="2021-07-01T07:07:28 UTC" finished-at="2021-07-01T07:07:31 UTC">
          <reporter-output>
          </reporter-output>
        </test-method> <!-- setup -->
        <test-method status="PASS" signature="LoginTestcase2()[pri:0, instance:test.LoginTest@3dfc5fb8]" name="LoginTestcase2" duration-ms="3260" started-at="2021-07-01T07:07:31 UTC" finished-at="2021-07-01T07:07:34 UTC">
          <reporter-output>
          </reporter-output>
        </test-method> <!-- LoginTestcase2 -->
        <test-method status="PASS" signature="teardown()[pri:0, instance:test.LoginTest@3dfc5fb8]" name="teardown" is-config="true" duration-ms="304" started-at="2021-07-01T07:07:34 UTC" finished-at="2021-07-01T07:07:35 UTC">
          <reporter-output>
          </reporter-output>
        </test-method> <!-- teardown -->
      </class> <!-- test.LoginTest -->
    </test> <!-- Test -->
  </suite> <!-- Suite -->
</testng-results>
