<?xml version="1.0" encoding="UTF-8"?>
<testng-results skipped="0" failed="0" ignored="1" total="2" passed="1">
  <reporter-output>
  </reporter-output>
  <suite name="Default suite" duration-ms="6267" started-at="2021-07-04T05:32:40 UTC" finished-at="2021-07-04T05:32:47 UTC">
    <groups>
    </groups>
    <test name="Default test" duration-ms="6267" started-at="2021-07-04T05:32:40 UTC" finished-at="2021-07-04T05:32:47 UTC">
      <class name="test.LoginTest">
        <test-method status="PASS" signature="setup()[pri:0, instance:test.LoginTest@37d31475]" name="setup" is-config="true" duration-ms="2487" started-at="2021-07-04T05:32:40 UTC" finished-at="2021-07-04T05:32:43 UTC">
          <reporter-output>
          </reporter-output>
        </test-method> <!-- setup -->
        <test-method status="PASS" signature="LoginTestcase2()[pri:0, instance:test.LoginTest@37d31475]" name="LoginTestcase2" duration-ms="3431" started-at="2021-07-04T05:32:43 UTC" finished-at="2021-07-04T05:32:46 UTC">
          <reporter-output>
          </reporter-output>
        </test-method> <!-- LoginTestcase2 -->
        <test-method status="PASS" signature="teardown()[pri:0, instance:test.LoginTest@37d31475]" name="teardown" is-config="true" duration-ms="297" started-at="2021-07-04T05:32:46 UTC" finished-at="2021-07-04T05:32:47 UTC">
          <reporter-output>
          </reporter-output>
        </test-method> <!-- teardown -->
      </class> <!-- test.LoginTest -->
    </test> <!-- Default test -->
  </suite> <!-- Default suite -->
</testng-results>
